2020-12-09 05:00:46,961:DEBUG:certbot._internal.main:certbot version: 1.10.1
2020-12-09 05:00:46,962:DEBUG:certbot._internal.main:Arguments: ['--webroot', '--webroot-path=/usr/share/nginx/html/letsencrypt', '--email', 'rio@dimasrio.com', '--agree-tos', '--no-eff-email', '-d', 'fapi.litekart.in']
2020-12-09 05:00:46,962:DEBUG:certbot._internal.main:Discovered plugins: PluginsRegistry(PluginEntryPoint#manual,PluginEntryPoint#null,PluginEntryPoint#standalone,PluginEntryPoint#webroot)
2020-12-09 05:00:47,106:DEBUG:certbot._internal.log:Root logging level set at 20
2020-12-09 05:00:47,107:INFO:certbot._internal.log:Saving debug log to /var/log/letsencrypt/letsencrypt.log
2020-12-09 05:00:47,140:DEBUG:certbot._internal.plugins.selection:Requested authenticator webroot and installer None
2020-12-09 05:00:47,145:DEBUG:certbot._internal.plugins.selection:Single candidate plugin: * webroot
Description: Place files in webroot directory
Interfaces: IAuthenticator, IPlugin
Entry point: webroot = certbot._internal.plugins.webroot:Authenticator
Initialized: <certbot._internal.plugins.webroot.Authenticator object at 0x7f8b167d8280>
Prep: True
2020-12-09 05:00:47,146:DEBUG:certbot._internal.plugins.selection:Selected authenticator <certbot._internal.plugins.webroot.Authenticator object at 0x7f8b167d8280> and installer None
2020-12-09 05:00:47,146:INFO:certbot._internal.plugins.selection:Plugins selected: Authenticator webroot, Installer None
2020-12-09 05:00:47,220:DEBUG:acme.client:Sending GET request to https://acme-v02.api.letsencrypt.org/directory.
2020-12-09 05:00:47,221:DEBUG:urllib3.connectionpool:Starting new HTTPS connection (1): acme-v02.api.letsencrypt.org:443
2020-12-09 05:00:48,812:DEBUG:urllib3.connectionpool:https://acme-v02.api.letsencrypt.org:443 "GET /directory HTTP/1.1" 200 658
2020-12-09 05:00:48,813:DEBUG:acme.client:Received response:
HTTP 200
Server: nginx
Date: Wed, 09 Dec 2020 05:00:48 GMT
Content-Type: application/json
Content-Length: 658
Connection: keep-alive
Cache-Control: public, max-age=0, no-cache
X-Frame-Options: DENY
Strict-Transport-Security: max-age=604800

{
  "1eURPzYLGos": "https://community.letsencrypt.org/t/adding-random-entries-to-the-directory/33417",
  "keyChange": "https://acme-v02.api.letsencrypt.org/acme/key-change",
  "meta": {
    "caaIdentities": [
      "letsencrypt.org"
    ],
    "termsOfService": "https://letsencrypt.org/documents/LE-SA-v1.2-November-15-2017.pdf",
    "website": "https://letsencrypt.org"
  },
  "newAccount": "https://acme-v02.api.letsencrypt.org/acme/new-acct",
  "newNonce": "https://acme-v02.api.letsencrypt.org/acme/new-nonce",
  "newOrder": "https://acme-v02.api.letsencrypt.org/acme/new-order",
  "revokeCert": "https://acme-v02.api.letsencrypt.org/acme/revoke-cert"
}
2020-12-09 05:00:48,813:DEBUG:acme.client:Requesting fresh nonce
2020-12-09 05:00:48,814:DEBUG:acme.client:Sending HEAD request to https://acme-v02.api.letsencrypt.org/acme/new-nonce.
2020-12-09 05:00:49,152:DEBUG:urllib3.connectionpool:https://acme-v02.api.letsencrypt.org:443 "HEAD /acme/new-nonce HTTP/1.1" 200 0
2020-12-09 05:00:49,153:DEBUG:acme.client:Received response:
HTTP 200
Server: nginx
Date: Wed, 09 Dec 2020 05:00:48 GMT
Connection: keep-alive
Cache-Control: public, max-age=0, no-cache
Link: <https://acme-v02.api.letsencrypt.org/directory>;rel="index"
Replay-Nonce: 00031A_nTZs2LzWVjcTBofKX59O6KNZLrmuz4MVtA660vLM
X-Frame-Options: DENY
Strict-Transport-Security: max-age=604800


2020-12-09 05:00:49,154:DEBUG:acme.client:Storing nonce: 00031A_nTZs2LzWVjcTBofKX59O6KNZLrmuz4MVtA660vLM
2020-12-09 05:00:49,154:DEBUG:acme.client:JWS payload:
b'{\n  "contact": [\n    "mailto:rio@dimasrio.com"\n  ],\n  "termsOfServiceAgreed": true\n}'
2020-12-09 05:00:49,157:DEBUG:acme.client:Sending POST request to https://acme-v02.api.letsencrypt.org/acme/new-acct:
{
  "protected": "eyJhbGciOiAiUlMyNTYiLCAiandrIjogeyJuIjogIm90OE81eHpIQVhpR3N1VXJLbzd6SkVydjZkNHhKRUFoNzJPbXloWWtLaGdNcVZSemoyRTlacEw4d1VjNkJHU2ZWU0dOUk9zc3BMMld4YnhCUUxUNWdMdjl1aUFFQ2ZfVW1VU1NaUEZaNDZkeFgyQzFIUFF6cG9sVHlINFdKLXpnTE5kSEhwOEhod2F6Q0ZCYkV5RFdMaVFjNVZiLXprdnlFZmRTOE5DbXZCMnJVUXZsdFBONHJXRWloUlQzMGJpUWVwWS04NUtYLXppVjJ1N0ExOHNKd3dDQ0h0UDNVX3lVdkpHeVFZaExwSV90blV5emo5WVVBcGxnYnhUY1lPcXBFeEpUXzhrMWxhUDAwVHpGVjh4TF9xX1dDSlZmVXdmZXJRZy0xRHBaSkQ1VFM2b1FneU1zMmVSY0pSdWNVREZfbHJUdHlMQXp5VXVBOTVmSkNwbzJ4USIsICJlIjogIkFRQUIiLCAia3R5IjogIlJTQSJ9LCAibm9uY2UiOiAiMDAwMzFBX25UWnMyTHpXVmpjVEJvZktYNTlPNktOWkxybXV6NE1WdEE2NjB2TE0iLCAidXJsIjogImh0dHBzOi8vYWNtZS12MDIuYXBpLmxldHNlbmNyeXB0Lm9yZy9hY21lL25ldy1hY2N0In0",
  "signature": "FY5oQh73ffXyh4bq75G6GzcygBHR57VOexyUi9StoTgQ3B3NJjoI6aCi2FKFTBX8FDYMeHoYEP2HA2uMxHmMeEq4VcT8c3VhUzL6xF7kxtcqKCgVDJ52R8FmqGvVXBk9koksuKDX0HNdU8tXXW-AOUxSoz9PFSvC3MR7Knt69w2oWL90oaF4SARJj0CX_NqeZFgO7U56ckZEs9dlYP1BVhXts0KZLjzXMDffPp0gxE_6JGm6wvyIGUw-J0fzLT4fcNAkGCJkxZwIc1oRX0zSi121H2sk5PTIkDAQxM_YJ-NXQUe-2GwosQNoDq800Lq4lMuK_OjQlZIs478Ai9j8Kg",
  "payload": "ewogICJjb250YWN0IjogWwogICAgIm1haWx0bzpyaW9AZGltYXNyaW8uY29tIgogIF0sCiAgInRlcm1zT2ZTZXJ2aWNlQWdyZWVkIjogdHJ1ZQp9"
}
2020-12-09 05:00:49,539:DEBUG:urllib3.connectionpool:https://acme-v02.api.letsencrypt.org:443 "POST /acme/new-acct HTTP/1.1" 201 560
2020-12-09 05:00:49,540:DEBUG:acme.client:Received response:
HTTP 201
Server: nginx
Date: Wed, 09 Dec 2020 05:00:49 GMT
Content-Type: application/json
Content-Length: 560
Connection: keep-alive
Boulder-Requester: 105763110
Cache-Control: public, max-age=0, no-cache
Link: <https://acme-v02.api.letsencrypt.org/directory>;rel="index", <https://letsencrypt.org/documents/LE-SA-v1.2-November-15-2017.pdf>;rel="terms-of-service"
Location: https://acme-v02.api.letsencrypt.org/acme/acct/105763110
Replay-Nonce: 0004u5zd0QMPIoQYLTwo1ZSPpcJLa1xAoiJnhukeGaX7Zd0
X-Frame-Options: DENY
Strict-Transport-Security: max-age=604800

{
  "key": {
    "kty": "RSA",
    "n": "ot8O5xzHAXiGsuUrKo7zJErv6d4xJEAh72OmyhYkKhgMqVRzj2E9ZpL8wUc6BGSfVSGNROsspL2WxbxBQLT5gLv9uiAECf_UmUSSZPFZ46dxX2C1HPQzpolTyH4WJ-zgLNdHHp8HhwazCFBbEyDWLiQc5Vb-zkvyEfdS8NCmvB2rUQvltPN4rWEihRT30biQepY-85KX-ziV2u7A18sJwwCCHtP3U_yUvJGyQYhLpI_tnUyzj9YUAplgbxTcYOqpExJT_8k1laP00TzFV8xL_q_WCJVfUwferQg-1DpZJD5TS6oQgyMs2eRcJRucUDF_lrTtyLAzyUuA95fJCpo2xQ",
    "e": "AQAB"
  },
  "contact": [
    "mailto:rio@dimasrio.com"
  ],
  "initialIp": "118.185.73.106",
  "createdAt": "2020-12-09T05:00:49.050273506Z",
  "status": "valid"
}
2020-12-09 05:00:49,540:DEBUG:acme.client:Storing nonce: 0004u5zd0QMPIoQYLTwo1ZSPpcJLa1xAoiJnhukeGaX7Zd0
2020-12-09 05:00:49,560:DEBUG:certbot.display.util:Notifying user: Account registered.
2020-12-09 05:00:49,561:DEBUG:certbot._internal.main:Picked account: <Account(RegistrationResource(body=Registration(key=JWKRSA(key=<ComparableRSAKey(<cryptography.hazmat.backends.openssl.rsa._RSAPublicKey object at 0x7f8b167c6190>)>), contact=('mailto:rio@dimasrio.com',), agreement=None, status='valid', terms_of_service_agreed=None, only_return_existing=None, external_account_binding=None), uri='https://acme-v02.api.letsencrypt.org/acme/acct/105763110', new_authzr_uri=None, terms_of_service='https://letsencrypt.org/documents/LE-SA-v1.2-November-15-2017.pdf'), 509d788bbd8fdaa5a9ba99a37e1bd91a, Meta(creation_dt=datetime.datetime(2020, 12, 9, 5, 0, 49, tzinfo=<UTC>), creation_host='dcf3c7e9ed0a', register_to_eff=None))>
2020-12-09 05:00:49,564:DEBUG:certbot.display.util:Notifying user: Requesting a certificate for fapi.litekart.in
2020-12-09 05:00:49,728:DEBUG:certbot.crypto_util:Generating RSA key (2048 bits): /etc/letsencrypt/keys/0000_key-certbot.pem
2020-12-09 05:00:49,733:DEBUG:certbot.crypto_util:Creating CSR: /etc/letsencrypt/csr/0000_csr-certbot.pem
2020-12-09 05:00:49,734:DEBUG:acme.client:JWS payload:
b'{\n  "identifiers": [\n    {\n      "type": "dns",\n      "value": "fapi.litekart.in"\n    }\n  ]\n}'
2020-12-09 05:00:49,735:DEBUG:acme.client:Sending POST request to https://acme-v02.api.letsencrypt.org/acme/new-order:
{
  "protected": "eyJhbGciOiAiUlMyNTYiLCAia2lkIjogImh0dHBzOi8vYWNtZS12MDIuYXBpLmxldHNlbmNyeXB0Lm9yZy9hY21lL2FjY3QvMTA1NzYzMTEwIiwgIm5vbmNlIjogIjAwMDR1NXpkMFFNUElvUVlMVHdvMVpTUHBjSkxhMXhBb2lKbmh1a2VHYVg3WmQwIiwgInVybCI6ICJodHRwczovL2FjbWUtdjAyLmFwaS5sZXRzZW5jcnlwdC5vcmcvYWNtZS9uZXctb3JkZXIifQ",
  "signature": "jgp-8k1fvVAi9h3OXRxuPsklHnJ3SUguBN44DtL5oVJs38WCnp5wtgSEyRLHYrhMuhoYv7nto-KIcTZ5Ydm-Zmxqu5Ez_F5ZghVX4kBT-ifxadD1zUqlhgZEHWYnEQa4jAn4w03XryHf7DSGLne_E8BGKFClyFrRaZ0F_U4sY4bT0T2dHEP3XpkW8KpAvVz-bkCe1XqduORwYXk8VMKItbvG9P4D0_AGBEhrR5cpKn49zcqyEU4dXfdeub5gvHMkTEaFN72VtYJgeTDCvGHC5RsHvrfbnWUFFujihtymz9o3o_2hr8-zoQcUPjsI45Bmfefqzbj-IvP3q4pa1UVGdA",
  "payload": "ewogICJpZGVudGlmaWVycyI6IFsKICAgIHsKICAgICAgInR5cGUiOiAiZG5zIiwKICAgICAgInZhbHVlIjogImNlbnR6LmRpbWFzcmlvLmNvbSIKICAgIH0KICBdCn0"
}
2020-12-09 05:00:50,142:DEBUG:urllib3.connectionpool:https://acme-v02.api.letsencrypt.org:443 "POST /acme/new-order HTTP/1.1" 201 349
2020-12-09 05:00:50,143:DEBUG:acme.client:Received response:
HTTP 201
Server: nginx
Date: Wed, 09 Dec 2020 05:00:49 GMT
Content-Type: application/json
Content-Length: 349
Connection: keep-alive
Boulder-Requester: 105763110
Cache-Control: public, max-age=0, no-cache
Link: <https://acme-v02.api.letsencrypt.org/directory>;rel="index"
Location: https://acme-v02.api.letsencrypt.org/acme/order/105763110/6642440006
Replay-Nonce: 0003s5SsizrL9m-n1Hh3Zx9DikExR32B9vUDMhjGFTLsM9I
X-Frame-Options: DENY
Strict-Transport-Security: max-age=604800

{
  "status": "pending",
  "expires": "2020-12-16T05:00:49.648560166Z",
  "identifiers": [
    {
      "type": "dns",
      "value": "fapi.litekart.in"
    }
  ],
  "authorizations": [
    "https://acme-v02.api.letsencrypt.org/acme/authz-v3/9174723263"
  ],
  "finalize": "https://acme-v02.api.letsencrypt.org/acme/finalize/105763110/6642440006"
}
2020-12-09 05:00:50,143:DEBUG:acme.client:Storing nonce: 0003s5SsizrL9m-n1Hh3Zx9DikExR32B9vUDMhjGFTLsM9I
2020-12-09 05:00:50,145:DEBUG:acme.client:JWS payload:
b''
2020-12-09 05:00:50,146:DEBUG:acme.client:Sending POST request to https://acme-v02.api.letsencrypt.org/acme/authz-v3/9174723263:
{
  "protected": "eyJhbGciOiAiUlMyNTYiLCAia2lkIjogImh0dHBzOi8vYWNtZS12MDIuYXBpLmxldHNlbmNyeXB0Lm9yZy9hY21lL2FjY3QvMTA1NzYzMTEwIiwgIm5vbmNlIjogIjAwMDNzNVNzaXpyTDltLW4xSGgzWng5RGlrRXhSMzJCOXZVRE1oakdGVExzTTlJIiwgInVybCI6ICJodHRwczovL2FjbWUtdjAyLmFwaS5sZXRzZW5jcnlwdC5vcmcvYWNtZS9hdXRoei12My85MTc0NzIzMjYzIn0",
  "signature": "GaG3VBHCTg767mzPIxBk6rHVb6Epr5zhXfcotwsZn4_S8MyQ0umREGCQmym4lewo8gcQyThEAaargb4glZdx6Yi0ivufpGvBeYyUH3IBYzCVnSh0-nWH8oiH0arFaScaTzXXuNoKNMJ4yC3fK8AY84DjbqVD0jCGc2mSXYPyYphK_N7QazmpMH5L7-3S-OR7xtnIzzG2djd8og1o7kOFyduXo8WcjXI1Vmwvu5dEnEa2DdByftxcMELZnyUpZ2WnCE8wnvinGlec-V-nggwdJ0w3wwHOy96_7V5iLER95rjyVO9wzXNkoWG7YCdmfZA0GoXQsVOS81FDSx_lGhiP6w",
  "payload": ""
}
2020-12-09 05:00:50,528:DEBUG:urllib3.connectionpool:https://acme-v02.api.letsencrypt.org:443 "POST /acme/authz-v3/9174723263 HTTP/1.1" 200 796
2020-12-09 05:00:50,529:DEBUG:acme.client:Received response:
HTTP 200
Server: nginx
Date: Wed, 09 Dec 2020 05:00:50 GMT
Content-Type: application/json
Content-Length: 796
Connection: keep-alive
Boulder-Requester: 105763110
Cache-Control: public, max-age=0, no-cache
Link: <https://acme-v02.api.letsencrypt.org/directory>;rel="index"
Replay-Nonce: 0004iOHN95HLGdNX0ln8i9x1kgE6XNjX8vU6dZfPyivjjC4
X-Frame-Options: DENY
Strict-Transport-Security: max-age=604800

{
  "identifier": {
    "type": "dns",
    "value": "fapi.litekart.in"
  },
  "status": "pending",
  "expires": "2020-12-16T05:00:49Z",
  "challenges": [
    {
      "type": "http-01",
      "status": "pending",
      "url": "https://acme-v02.api.letsencrypt.org/acme/chall-v3/9174723263/iWkX9g",
      "token": "SSGUbpNPtwNHxjgvpcZ3FVkRtNwqYht1__Ms-YX7qEg"
    },
    {
      "type": "dns-01",
      "status": "pending",
      "url": "https://acme-v02.api.letsencrypt.org/acme/chall-v3/9174723263/ucGWhw",
      "token": "SSGUbpNPtwNHxjgvpcZ3FVkRtNwqYht1__Ms-YX7qEg"
    },
    {
      "type": "tls-alpn-01",
      "status": "pending",
      "url": "https://acme-v02.api.letsencrypt.org/acme/chall-v3/9174723263/4-jptw",
      "token": "SSGUbpNPtwNHxjgvpcZ3FVkRtNwqYht1__Ms-YX7qEg"
    }
  ]
}
2020-12-09 05:00:50,530:DEBUG:acme.client:Storing nonce: 0004iOHN95HLGdNX0ln8i9x1kgE6XNjX8vU6dZfPyivjjC4
2020-12-09 05:00:50,531:INFO:certbot._internal.auth_handler:Performing the following challenges:
2020-12-09 05:00:50,531:INFO:certbot._internal.auth_handler:http-01 challenge for fapi.litekart.in
2020-12-09 05:00:50,532:INFO:certbot._internal.plugins.webroot:Using the webroot path /usr/share/nginx/html/letsencrypt for all unmatched domains.
2020-12-09 05:00:50,532:DEBUG:certbot._internal.plugins.webroot:Creating root challenges validation dir at /usr/share/nginx/html/letsencrypt/.well-known/acme-challenge
2020-12-09 05:00:50,542:DEBUG:certbot._internal.plugins.webroot:Attempting to save validation to /usr/share/nginx/html/letsencrypt/.well-known/acme-challenge/SSGUbpNPtwNHxjgvpcZ3FVkRtNwqYht1__Ms-YX7qEg
2020-12-09 05:00:50,552:INFO:certbot._internal.auth_handler:Waiting for verification...
2020-12-09 05:00:50,552:DEBUG:acme.client:JWS payload:
b'{}'
2020-12-09 05:00:50,554:DEBUG:acme.client:Sending POST request to https://acme-v02.api.letsencrypt.org/acme/chall-v3/9174723263/iWkX9g:
{
  "protected": "eyJhbGciOiAiUlMyNTYiLCAia2lkIjogImh0dHBzOi8vYWNtZS12MDIuYXBpLmxldHNlbmNyeXB0Lm9yZy9hY21lL2FjY3QvMTA1NzYzMTEwIiwgIm5vbmNlIjogIjAwMDRpT0hOOTVITEdkTlgwbG44aTl4MWtnRTZYTmpYOHZVNmRaZlB5aXZqakM0IiwgInVybCI6ICJodHRwczovL2FjbWUtdjAyLmFwaS5sZXRzZW5jcnlwdC5vcmcvYWNtZS9jaGFsbC12My85MTc0NzIzMjYzL2lXa1g5ZyJ9",
  "signature": "hqSOvXL9uGv_rh27S_XW-FulDMbWbEVUNb9BKaCQ4pXDCToYUhuYET-v3L8vWa3D2UgyBG9dAQ9gvPr3RuVNTFFAR6vn0YmRYV-9l_xzOoysmYEr42Fpm004ud2h7cOqhTY_SkZbj3LYUnYdmOEnwaDPu9xHb_nEMwP1_rqxXpzKc2v0cslH2_aTbpq6Q-3_ok_gzYTggsrnQZm6CH8NTfouDyJBGYmJGCYxhjm4Ne-VtsMtkdiq6tvPTWfFlzvhEQr57VBxtkUSoyxlIr9MGHtCmdg1NDf3C2KIKhdzO1kBis8VyZfepIWBmfiEVnTK2mt1GfksvHmfC5_sWcKe2Q",
  "payload": "e30"
}
2020-12-09 05:00:50,959:DEBUG:urllib3.connectionpool:https://acme-v02.api.letsencrypt.org:443 "POST /acme/chall-v3/9174723263/iWkX9g HTTP/1.1" 200 185
2020-12-09 05:00:50,960:DEBUG:acme.client:Received response:
HTTP 200
Server: nginx
Date: Wed, 09 Dec 2020 05:00:50 GMT
Content-Type: application/json
Content-Length: 185
Connection: keep-alive
Boulder-Requester: 105763110
Cache-Control: public, max-age=0, no-cache
Link: <https://acme-v02.api.letsencrypt.org/directory>;rel="index", <https://acme-v02.api.letsencrypt.org/acme/authz-v3/9174723263>;rel="up"
Location: https://acme-v02.api.letsencrypt.org/acme/chall-v3/9174723263/iWkX9g
Replay-Nonce: 0003iuG1uP5iO7pTQ8P9laO83o6_EnHavwpvpRwxKkpaibA
X-Frame-Options: DENY
Strict-Transport-Security: max-age=604800

{
  "type": "http-01",
  "status": "pending",
  "url": "https://acme-v02.api.letsencrypt.org/acme/chall-v3/9174723263/iWkX9g",
  "token": "SSGUbpNPtwNHxjgvpcZ3FVkRtNwqYht1__Ms-YX7qEg"
}
2020-12-09 05:00:50,961:DEBUG:acme.client:Storing nonce: 0003iuG1uP5iO7pTQ8P9laO83o6_EnHavwpvpRwxKkpaibA
2020-12-09 05:00:51,964:DEBUG:acme.client:JWS payload:
b''
2020-12-09 05:00:51,966:DEBUG:acme.client:Sending POST request to https://acme-v02.api.letsencrypt.org/acme/authz-v3/9174723263:
{
  "protected": "eyJhbGciOiAiUlMyNTYiLCAia2lkIjogImh0dHBzOi8vYWNtZS12MDIuYXBpLmxldHNlbmNyeXB0Lm9yZy9hY21lL2FjY3QvMTA1NzYzMTEwIiwgIm5vbmNlIjogIjAwMDNpdUcxdVA1aU83cFRROFA5bGFPODNvNl9FbkhhdndwdnBSd3hLa3BhaWJBIiwgInVybCI6ICJodHRwczovL2FjbWUtdjAyLmFwaS5sZXRzZW5jcnlwdC5vcmcvYWNtZS9hdXRoei12My85MTc0NzIzMjYzIn0",
  "signature": "KAh39wWqVccNYSoCegPfGUNSiFVwOeRkQZD1bgWaH8a6aplUkSCQIWFgLTkPn8zd25eKNM242tlkBKVNDCB2SX1MqnjPZTZV3dl5N5twnWPWtX1MHhv2OhiaKqKl11tLwLwA8JrKsITh6p6X71cGdMbTswagGuO5il82NbaD11-B4ksN8_2HcjkTM3k_nJVCthy9SQIyigKpInN8kjFrC2SyUUMLFl-6oEuMYATZllulF4KsWbKgUdPFR7gdggPsF0HFYHrkH_AgXMItKmxWHuXNWJyNmzi_HlTtPsrXIueP1ZPzCoThT2PLZ2MveeDxc-qFyle7gddRR_tmiNe7vQ",
  "payload": ""
}
2020-12-09 05:00:52,320:DEBUG:urllib3.connectionpool:https://acme-v02.api.letsencrypt.org:443 "POST /acme/authz-v3/9174723263 HTTP/1.1" 200 796
2020-12-09 05:00:52,321:DEBUG:acme.client:Received response:
HTTP 200
Server: nginx
Date: Wed, 09 Dec 2020 05:00:51 GMT
Content-Type: application/json
Content-Length: 796
Connection: keep-alive
Boulder-Requester: 105763110
Cache-Control: public, max-age=0, no-cache
Link: <https://acme-v02.api.letsencrypt.org/directory>;rel="index"
Replay-Nonce: 0003gFxPjpFKb8Ueeaj9Qq7BwivJsUbilMgaNW08cGn4uCY
X-Frame-Options: DENY
Strict-Transport-Security: max-age=604800

{
  "identifier": {
    "type": "dns",
    "value": "fapi.litekart.in"
  },
  "status": "pending",
  "expires": "2020-12-16T05:00:49Z",
  "challenges": [
    {
      "type": "http-01",
      "status": "pending",
      "url": "https://acme-v02.api.letsencrypt.org/acme/chall-v3/9174723263/iWkX9g",
      "token": "SSGUbpNPtwNHxjgvpcZ3FVkRtNwqYht1__Ms-YX7qEg"
    },
    {
      "type": "dns-01",
      "status": "pending",
      "url": "https://acme-v02.api.letsencrypt.org/acme/chall-v3/9174723263/ucGWhw",
      "token": "SSGUbpNPtwNHxjgvpcZ3FVkRtNwqYht1__Ms-YX7qEg"
    },
    {
      "type": "tls-alpn-01",
      "status": "pending",
      "url": "https://acme-v02.api.letsencrypt.org/acme/chall-v3/9174723263/4-jptw",
      "token": "SSGUbpNPtwNHxjgvpcZ3FVkRtNwqYht1__Ms-YX7qEg"
    }
  ]
}
2020-12-09 05:00:52,322:DEBUG:acme.client:Storing nonce: 0003gFxPjpFKb8Ueeaj9Qq7BwivJsUbilMgaNW08cGn4uCY
2020-12-09 05:00:55,326:DEBUG:acme.client:JWS payload:
b''
2020-12-09 05:00:55,328:DEBUG:acme.client:Sending POST request to https://acme-v02.api.letsencrypt.org/acme/authz-v3/9174723263:
{
  "protected": "eyJhbGciOiAiUlMyNTYiLCAia2lkIjogImh0dHBzOi8vYWNtZS12MDIuYXBpLmxldHNlbmNyeXB0Lm9yZy9hY21lL2FjY3QvMTA1NzYzMTEwIiwgIm5vbmNlIjogIjAwMDNnRnhQanBGS2I4VWVlYWo5UXE3QndpdkpzVWJpbE1nYU5XMDhjR240dUNZIiwgInVybCI6ICJodHRwczovL2FjbWUtdjAyLmFwaS5sZXRzZW5jcnlwdC5vcmcvYWNtZS9hdXRoei12My85MTc0NzIzMjYzIn0",
  "signature": "UAb-LANACsMRNc9rnntv_vGVWLO1srar9-tD8_B6Tu6zB-TlImD9Z-UQTL4372DT3THk_f9vIyCAZQROwvM4xtnk7pPt3OncmFKXOQPq0X98ZG8wm5M0mWHouzCuLHL8jw5neLOc6vZjzLGzRJmgWHpotBXMS_GzHDqf8tUAZr_9XjG3ehedzIBeb3Rpv-U4IGXcF_bDmXSWlQColHwv4seD1bRXl5oZj546kPl7wj9lzTLFnLZa4e_IH1kDJw3ksR36xX0meH-V-JJjNGpquIY9v7V7GAJY8AFL1quhAB54b5DSpKrx_rgD--T7-TNS0pJQAJbgb9VsHmLhMpNjTg",
  "payload": ""
}
2020-12-09 05:00:55,675:DEBUG:urllib3.connectionpool:https://acme-v02.api.letsencrypt.org:443 "POST /acme/authz-v3/9174723263 HTTP/1.1" 200 597
2020-12-09 05:00:55,677:DEBUG:acme.client:Received response:
HTTP 200
Server: nginx
Date: Wed, 09 Dec 2020 05:00:55 GMT
Content-Type: application/json
Content-Length: 597
Connection: keep-alive
Boulder-Requester: 105763110
Cache-Control: public, max-age=0, no-cache
Link: <https://acme-v02.api.letsencrypt.org/directory>;rel="index"
Replay-Nonce: 0003WhEaPhFUk0ftqF92XDxJwAc-duPtRgtYStSeZN7ZBFY
X-Frame-Options: DENY
Strict-Transport-Security: max-age=604800

{
  "identifier": {
    "type": "dns",
    "value": "fapi.litekart.in"
  },
  "status": "invalid",
  "expires": "2020-12-16T05:00:49Z",
  "challenges": [
    {
      "type": "http-01",
      "status": "invalid",
      "error": {
        "type": "urn:ietf:params:acme:error:dns",
        "detail": "DNS problem: NXDOMAIN looking up A for fapi.litekart.in - check that a DNS record exists for this domain",
        "status": 400
      },
      "url": "https://acme-v02.api.letsencrypt.org/acme/chall-v3/9174723263/iWkX9g",
      "token": "SSGUbpNPtwNHxjgvpcZ3FVkRtNwqYht1__Ms-YX7qEg"
    }
  ]
}
2020-12-09 05:00:55,678:DEBUG:acme.client:Storing nonce: 0003WhEaPhFUk0ftqF92XDxJwAc-duPtRgtYStSeZN7ZBFY
2020-12-09 05:00:55,680:WARNING:certbot._internal.auth_handler:Challenge failed for domain fapi.litekart.in
2020-12-09 05:00:55,681:INFO:certbot._internal.auth_handler:http-01 challenge for fapi.litekart.in
2020-12-09 05:00:55,683:DEBUG:certbot._internal.reporter:Reporting to user: The following errors were reported by the server:

Domain: fapi.litekart.in
Type:   dns
Detail: DNS problem: NXDOMAIN looking up A for fapi.litekart.in - check that a DNS record exists for this domain
2020-12-09 05:00:55,685:DEBUG:certbot._internal.error_handler:Encountered exception:
Traceback (most recent call last):
  File "/opt/certbot/src/certbot/certbot/_internal/auth_handler.py", line 91, in handle_authorizations
    self._poll_authorizations(authzrs, max_retries, best_effort)
  File "/opt/certbot/src/certbot/certbot/_internal/auth_handler.py", line 180, in _poll_authorizations
    raise errors.AuthorizationError('Some challenges have failed.')
certbot.errors.AuthorizationError: Some challenges have failed.

2020-12-09 05:00:55,686:DEBUG:certbot._internal.error_handler:Calling registered functions
2020-12-09 05:00:55,687:INFO:certbot._internal.auth_handler:Cleaning up challenges
2020-12-09 05:00:55,689:DEBUG:certbot._internal.plugins.webroot:Removing /usr/share/nginx/html/letsencrypt/.well-known/acme-challenge/SSGUbpNPtwNHxjgvpcZ3FVkRtNwqYht1__Ms-YX7qEg
2020-12-09 05:00:55,707:DEBUG:certbot._internal.plugins.webroot:All challenges cleaned up
2020-12-09 05:00:55,708:DEBUG:certbot._internal.log:Exiting abnormally:
Traceback (most recent call last):
  File "/usr/local/bin/certbot", line 11, in <module>
    load_entry_point('certbot', 'console_scripts', 'certbot')()
  File "/opt/certbot/src/certbot/certbot/main.py", line 15, in main
    return internal_main.main(cli_args)
  File "/opt/certbot/src/certbot/certbot/_internal/main.py", line 1412, in main
    return config.func(config, plugins)
  File "/opt/certbot/src/certbot/certbot/_internal/main.py", line 1293, in certonly
    lineage = _get_and_save_cert(le_client, config, domains, certname, lineage)
  File "/opt/certbot/src/certbot/certbot/_internal/main.py", line 134, in _get_and_save_cert
    lineage = le_client.obtain_and_enroll_certificate(domains, certname)
  File "/opt/certbot/src/certbot/certbot/_internal/client.py", line 441, in obtain_and_enroll_certificate
    cert, chain, key, _ = self.obtain_certificate(domains)
  File "/opt/certbot/src/certbot/certbot/_internal/client.py", line 374, in obtain_certificate
    orderr = self._get_order_and_authorizations(csr.data, self.config.allow_subset_of_names)
  File "/opt/certbot/src/certbot/certbot/_internal/client.py", line 421, in _get_order_and_authorizations
    authzr = self.auth_handler.handle_authorizations(orderr, best_effort)
  File "/opt/certbot/src/certbot/certbot/_internal/auth_handler.py", line 91, in handle_authorizations
    self._poll_authorizations(authzrs, max_retries, best_effort)
  File "/opt/certbot/src/certbot/certbot/_internal/auth_handler.py", line 180, in _poll_authorizations
    raise errors.AuthorizationError('Some challenges have failed.')
certbot.errors.AuthorizationError: Some challenges have failed.
2020-12-09 05:00:55,711:ERROR:certbot._internal.log:Some challenges have failed.
